{"level":"error","timestamp":"2022-07-23T08:19:49.689Z"}
{"level":"error","timestamp":"2022-07-23T09:36:32.608Z"}
{"level":"error","timestamp":"2022-07-23T09:36:54.609Z"}
{"level":"error","timestamp":"2022-07-23T09:36:58.921Z"}
{"level":"error","timestamp":"2022-07-23T09:37:00.211Z"}
{"level":"error","timestamp":"2022-07-23T09:37:14.015Z"}
{"level":"error","timestamp":"2022-07-23T09:37:15.816Z"}
{"level":"error","timestamp":"2022-07-28T03:25:48.906Z"}
{"level":"error","timestamp":"2022-07-28T03:26:15.726Z"}
{"level":"error","timestamp":"2022-07-28T03:26:37.369Z"}
{"level":"error","timestamp":"2022-07-28T03:26:59.564Z"}
{"level":"error","timestamp":"2022-07-28T03:27:30.537Z"}
{"level":"error","timestamp":"2022-07-28T03:27:47.951Z"}
{"level":"error","timestamp":"2022-07-28T03:28:06.860Z"}
{"errors":[{"instance":{"createdAt":"2022-07-28T03:38:48.442Z","id":null,"name":"Quần","price":"200000","updatedAt":"2022-07-28T03:38:48.442Z"},"message":"products.user_id cannot be null","origin":"CORE","path":"user_id","type":"notNull Violation","validatorArgs":[],"validatorKey":"is_null","validatorName":null,"value":null}],"level":"error","name":"SequelizeValidationError","timestamp":"2022-07-28T03:38:48.443Z"}
{"errors":[{"instance":{"createdAt":"2022-07-28T08:16:39.516Z","id":null,"name":"Áo","price":"200000","updatedAt":"2022-07-28T08:16:39.516Z","user_id":"12"},"message":"products.product_id cannot be null","origin":"CORE","path":"product_id","type":"notNull Violation","validatorArgs":[],"validatorKey":"is_null","validatorName":null,"value":null}],"level":"error","name":"SequelizeValidationError","timestamp":"2022-07-28T08:16:39.518Z"}
{"errors":[{"instance":{"createdAt":"2022-07-28T08:18:43.089Z","id":null,"name":"Áo","price":"200000","updatedAt":"2022-07-28T08:18:43.089Z","user_id":"12"},"message":"products.product_id cannot be null","origin":"CORE","path":"product_id","type":"notNull Violation","validatorArgs":[],"validatorKey":"is_null","validatorName":null,"value":null}],"level":"error","name":"SequelizeValidationError","timestamp":"2022-07-28T08:18:43.089Z"}
{"errors":[{"instance":{"createdAt":"2022-07-28T08:20:51.189Z","id":null,"name":"Áo","price":"200000","updatedAt":"2022-07-28T08:20:51.189Z","user_id":"12"},"message":"products.product_id cannot be null","origin":"CORE","path":"product_id","type":"notNull Violation","validatorArgs":[],"validatorKey":"is_null","validatorName":null,"value":null}],"level":"error","name":"SequelizeValidationError","timestamp":"2022-07-28T08:20:51.190Z"}
{"errors":[{"instance":{"createdAt":"2022-07-28T08:21:51.184Z","id":null,"name":"Áo","price":"200000","updatedAt":"2022-07-28T08:21:51.184Z","user_id":"12"},"message":"products.product_id cannot be null","origin":"CORE","path":"product_id","type":"notNull Violation","validatorArgs":[],"validatorKey":"is_null","validatorName":null,"value":null}],"level":"error","name":"SequelizeValidationError","timestamp":"2022-07-28T08:21:51.185Z"}
{"errors":[{"instance":{"createdAt":"2022-07-28T08:23:23.647Z","id":null,"name":"Áo","price":"200000","updatedAt":"2022-07-28T08:23:23.647Z","user_id":"12"},"message":"products.product_id cannot be null","origin":"CORE","path":"product_id","type":"notNull Violation","validatorArgs":[],"validatorKey":"is_null","validatorName":null,"value":null}],"level":"error","name":"SequelizeValidationError","timestamp":"2022-07-28T08:23:23.648Z"}
{"errors":[{"instance":{"createdAt":"2022-07-28T08:26:13.474Z","id":null,"name":"Áo","price":"200000","updatedAt":"2022-07-28T08:26:13.474Z","user_id":"12"},"message":"products.product_id cannot be null","origin":"CORE","path":"product_id","type":"notNull Violation","validatorArgs":[],"validatorKey":"is_null","validatorName":null,"value":null}],"level":"error","name":"SequelizeValidationError","timestamp":"2022-07-28T08:26:13.476Z"}
{"errors":[{"instance":{"createdAt":"2022-07-28T08:27:49.072Z","id":null,"name":"Áo","price":"200000","updatedAt":"2022-07-28T08:27:49.072Z","user_id":"12"},"message":"products.product_id cannot be null","origin":"CORE","path":"product_id","type":"notNull Violation","validatorArgs":[],"validatorKey":"is_null","validatorName":null,"value":null}],"level":"error","name":"SequelizeValidationError","timestamp":"2022-07-28T08:27:49.073Z"}
{"errors":[{"instance":{"createdAt":"2022-07-28T08:29:31.796Z","id":null,"name":"Áo","price":"200000","updatedAt":"2022-07-28T08:29:31.796Z","user_id":"12"},"message":"products.product_id cannot be null","origin":"CORE","path":"product_id","type":"notNull Violation","validatorArgs":[],"validatorKey":"is_null","validatorName":null,"value":null}],"level":"error","name":"SequelizeValidationError","timestamp":"2022-07-28T08:29:31.797Z"}
{"errors":[{"instance":{"createdAt":"2022-07-28T08:30:39.944Z","id":null,"name":"Áo","price":"200000","updatedAt":"2022-07-28T08:30:39.944Z","user_id":"12"},"message":"products.product_id cannot be null","origin":"CORE","path":"product_id","type":"notNull Violation","validatorArgs":[],"validatorKey":"is_null","validatorName":null,"value":null}],"level":"error","name":"SequelizeValidationError","timestamp":"2022-07-28T08:30:39.945Z"}
{"errors":[{"instance":{"createdAt":"2022-07-28T08:32:23.292Z","id":null,"name":"Áo","price":"200000","updatedAt":"2022-07-28T08:32:23.292Z","user_id":12},"message":"products.product_id cannot be null","origin":"CORE","path":"product_id","type":"notNull Violation","validatorArgs":[],"validatorKey":"is_null","validatorName":null,"value":null}],"level":"error","name":"SequelizeValidationError","timestamp":"2022-07-28T08:32:23.292Z"}
{"errors":[{"instance":{"createdAt":"2022-07-28T08:40:33.820Z","id":null,"name":"Áo","price":"200000","updatedAt":"2022-07-28T08:40:33.820Z","user_id":12},"message":"products.item_id cannot be null","origin":"CORE","path":"item_id","type":"notNull Violation","validatorArgs":[],"validatorKey":"is_null","validatorName":null,"value":null}],"level":"error","name":"SequelizeValidationError","timestamp":"2022-07-28T08:40:33.821Z"}
{"errors":[{"instance":{"createdAt":"2022-07-28T08:41:17.296Z","id":null,"name":"Áo","price":"200000","updatedAt":"2022-07-28T08:41:17.296Z","user_id":12},"message":"products.item_id cannot be null","origin":"CORE","path":"item_id","type":"notNull Violation","validatorArgs":[],"validatorKey":"is_null","validatorName":null,"value":null}],"level":"error","name":"SequelizeValidationError","timestamp":"2022-07-28T08:41:17.297Z"}
{"errors":[{"instance":{"createdAt":"2022-07-28T09:43:27.571Z","id":null,"updatedAt":"2022-07-28T09:43:27.571Z","user_id":"1"},"message":"Cart.item_id cannot be null","origin":"CORE","path":"item_id","type":"notNull Violation","validatorArgs":[],"validatorKey":"is_null","validatorName":null,"value":null},{"instance":{"createdAt":"2022-07-28T09:43:27.571Z","id":null,"updatedAt":"2022-07-28T09:43:27.571Z","user_id":"1"},"message":"Cart.name cannot be null","origin":"CORE","path":"name","type":"notNull Violation","validatorArgs":[],"validatorKey":"is_null","validatorName":null,"value":null},{"instance":{"createdAt":"2022-07-28T09:43:27.571Z","id":null,"updatedAt":"2022-07-28T09:43:27.571Z","user_id":"1"},"message":"Cart.price cannot be null","origin":"CORE","path":"price","type":"notNull Violation","validatorArgs":[],"validatorKey":"is_null","validatorName":null,"value":null}],"level":"error","name":"SequelizeValidationError","timestamp":"2022-07-28T09:43:27.572Z"}
{"errors":[{"instance":{"createdAt":"2022-07-28T10:09:51.371Z","id":null,"item_id":1,"name":"Áo","price":"[object Undefined]","updatedAt":"2022-07-28T10:09:51.371Z","user_id":12},"message":"Cart.number cannot be null","origin":"CORE","path":"number","type":"notNull Violation","validatorArgs":[],"validatorKey":"is_null","validatorName":null,"value":null}],"level":"error","name":"SequelizeValidationError","timestamp":"2022-07-28T10:09:51.373Z"}
{"errors":[{"instance":{"createdAt":"2022-07-28T10:10:51.252Z","id":null,"item_id":1,"name":"Áo","price":"[object Undefined]","updatedAt":"2022-07-28T10:10:51.252Z","user_id":12},"message":"Pay.number cannot be null","origin":"CORE","path":"number","type":"notNull Violation","validatorArgs":[],"validatorKey":"is_null","validatorName":null,"value":null}],"level":"error","name":"SequelizeValidationError","timestamp":"2022-07-28T10:10:51.253Z"}
{"errors":[{"instance":{"createdAt":"2022-07-28T10:11:12.874Z","id":null,"item_id":1,"name":"Áo","price":"[object Undefined]","updatedAt":"2022-07-28T10:11:12.874Z","user_id":12},"message":"Pay.number cannot be null","origin":"CORE","path":"number","type":"notNull Violation","validatorArgs":[],"validatorKey":"is_null","validatorName":null,"value":null}],"level":"error","name":"SequelizeValidationError","timestamp":"2022-07-28T10:11:12.875Z"}
